ERROR - 2022-08-24 00:54:06 --> mysqli_sql_exception: Duplicate entry 'SMA' for key 'jenjang' in C:\laragon\www\test_form\system\Database\MySQLi\Connection.php:292
Stack trace:
#0 C:\laragon\www\test_form\system\Database\MySQLi\Connection.php(292): mysqli->query('INSERT INTO `pe...', 0)
#1 C:\laragon\www\test_form\system\Database\BaseConnection.php(693): CodeIgniter\Database\MySQLi\Connection->execute('INSERT INTO `pe...')
#2 C:\laragon\www\test_form\system\Database\BaseConnection.php(620): CodeIgniter\Database\BaseConnection->simpleQuery('INSERT INTO `pe...')
#3 C:\laragon\www\test_form\system\Database\BaseBuilder.php(1916): CodeIgniter\Database\BaseConnection->query('INSERT INTO `pe...', Array, false)
#4 C:\laragon\www\test_form\system\Model.php(278): CodeIgniter\Database\BaseBuilder->insert()
#5 C:\laragon\www\test_form\system\BaseModel.php(738): CodeIgniter\Model->doInsert(Array)
#6 C:\laragon\www\test_form\system\Model.php(666): CodeIgniter\BaseModel->insert(Array, true)
#7 C:\laragon\www\test_form\app\Controllers\Biodata.php(55): CodeIgniter\Model->insert(Array)
#8 C:\laragon\www\test_form\system\CodeIgniter.php(904): App\Controllers\Biodata->save()
#9 C:\laragon\www\test_form\system\CodeIgniter.php(457): CodeIgniter\CodeIgniter->runController(Object(App\Controllers\Biodata))
#10 C:\laragon\www\test_form\system\CodeIgniter.php(340): CodeIgniter\CodeIgniter->handleRequest(NULL, Object(Config\Cache), false)
#11 C:\laragon\www\test_form\public\index.php(67): CodeIgniter\CodeIgniter->run()
#12 C:\laragon\www\test_form\system\Commands\Server\rewrite.php(43): require_once('C:\\laragon\\www\\...')
#13 {main}
ERROR - 2022-08-24 00:54:06 --> mysqli_sql_exception: Duplicate entry 'S1' for key 'jenjang' in C:\laragon\www\test_form\system\Database\MySQLi\Connection.php:292
Stack trace:
#0 C:\laragon\www\test_form\system\Database\MySQLi\Connection.php(292): mysqli->query('INSERT INTO `pe...', 0)
#1 C:\laragon\www\test_form\system\Database\BaseConnection.php(693): CodeIgniter\Database\MySQLi\Connection->execute('INSERT INTO `pe...')
#2 C:\laragon\www\test_form\system\Database\BaseConnection.php(620): CodeIgniter\Database\BaseConnection->simpleQuery('INSERT INTO `pe...')
#3 C:\laragon\www\test_form\system\Database\BaseBuilder.php(1916): CodeIgniter\Database\BaseConnection->query('INSERT INTO `pe...', Array, false)
#4 C:\laragon\www\test_form\system\Model.php(278): CodeIgniter\Database\BaseBuilder->insert()
#5 C:\laragon\www\test_form\system\BaseModel.php(738): CodeIgniter\Model->doInsert(Array)
#6 C:\laragon\www\test_form\system\Model.php(666): CodeIgniter\BaseModel->insert(Array, true)
#7 C:\laragon\www\test_form\app\Controllers\Biodata.php(55): CodeIgniter\Model->insert(Array)
#8 C:\laragon\www\test_form\system\CodeIgniter.php(904): App\Controllers\Biodata->save()
#9 C:\laragon\www\test_form\system\CodeIgniter.php(457): CodeIgniter\CodeIgniter->runController(Object(App\Controllers\Biodata))
#10 C:\laragon\www\test_form\system\CodeIgniter.php(340): CodeIgniter\CodeIgniter->handleRequest(NULL, Object(Config\Cache), false)
#11 C:\laragon\www\test_form\public\index.php(67): CodeIgniter\CodeIgniter->run()
#12 C:\laragon\www\test_form\system\Commands\Server\rewrite.php(43): require_once('C:\\laragon\\www\\...')
#13 {main}
ERROR - 2022-08-24 00:55:39 --> mysqli_sql_exception: Duplicate entry '0000000006' for key 'PRIMARY' in C:\laragon\www\test_form\system\Database\MySQLi\Connection.php:292
Stack trace:
#0 C:\laragon\www\test_form\system\Database\MySQLi\Connection.php(292): mysqli->query('INSERT INTO `bi...', 0)
#1 C:\laragon\www\test_form\system\Database\BaseConnection.php(693): CodeIgniter\Database\MySQLi\Connection->execute('INSERT INTO `bi...')
#2 C:\laragon\www\test_form\system\Database\BaseConnection.php(620): CodeIgniter\Database\BaseConnection->simpleQuery('INSERT INTO `bi...')
#3 C:\laragon\www\test_form\system\Database\BaseBuilder.php(1916): CodeIgniter\Database\BaseConnection->query('INSERT INTO `bi...', Array, false)
#4 C:\laragon\www\test_form\system\Model.php(278): CodeIgniter\Database\BaseBuilder->insert()
#5 C:\laragon\www\test_form\system\BaseModel.php(738): CodeIgniter\Model->doInsert(Array)
#6 C:\laragon\www\test_form\system\Model.php(666): CodeIgniter\BaseModel->insert(Array, true)
#7 C:\laragon\www\test_form\app\Controllers\Biodata.php(37): CodeIgniter\Model->insert(Array)
#8 C:\laragon\www\test_form\system\CodeIgniter.php(904): App\Controllers\Biodata->save()
#9 C:\laragon\www\test_form\system\CodeIgniter.php(457): CodeIgniter\CodeIgniter->runController(Object(App\Controllers\Biodata))
#10 C:\laragon\www\test_form\system\CodeIgniter.php(340): CodeIgniter\CodeIgniter->handleRequest(NULL, Object(Config\Cache), false)
#11 C:\laragon\www\test_form\public\index.php(67): CodeIgniter\CodeIgniter->run()
#12 C:\laragon\www\test_form\system\Commands\Server\rewrite.php(43): require_once('C:\\laragon\\www\\...')
#13 {main}
ERROR - 2022-08-24 00:55:39 --> mysqli_sql_exception: Duplicate entry 'SMA' for key 'jenjang' in C:\laragon\www\test_form\system\Database\MySQLi\Connection.php:292
Stack trace:
#0 C:\laragon\www\test_form\system\Database\MySQLi\Connection.php(292): mysqli->query('INSERT INTO `pe...', 0)
#1 C:\laragon\www\test_form\system\Database\BaseConnection.php(693): CodeIgniter\Database\MySQLi\Connection->execute('INSERT INTO `pe...')
#2 C:\laragon\www\test_form\system\Database\BaseConnection.php(620): CodeIgniter\Database\BaseConnection->simpleQuery('INSERT INTO `pe...')
#3 C:\laragon\www\test_form\system\Database\BaseBuilder.php(1916): CodeIgniter\Database\BaseConnection->query('INSERT INTO `pe...', Array, false)
#4 C:\laragon\www\test_form\system\Model.php(278): CodeIgniter\Database\BaseBuilder->insert()
#5 C:\laragon\www\test_form\system\BaseModel.php(738): CodeIgniter\Model->doInsert(Array)
#6 C:\laragon\www\test_form\system\Model.php(666): CodeIgniter\BaseModel->insert(Array, true)
#7 C:\laragon\www\test_form\app\Controllers\Biodata.php(55): CodeIgniter\Model->insert(Array)
#8 C:\laragon\www\test_form\system\CodeIgniter.php(904): App\Controllers\Biodata->save()
#9 C:\laragon\www\test_form\system\CodeIgniter.php(457): CodeIgniter\CodeIgniter->runController(Object(App\Controllers\Biodata))
#10 C:\laragon\www\test_form\system\CodeIgniter.php(340): CodeIgniter\CodeIgniter->handleRequest(NULL, Object(Config\Cache), false)
#11 C:\laragon\www\test_form\public\index.php(67): CodeIgniter\CodeIgniter->run()
#12 C:\laragon\www\test_form\system\Commands\Server\rewrite.php(43): require_once('C:\\laragon\\www\\...')
#13 {main}
ERROR - 2022-08-24 00:55:39 --> mysqli_sql_exception: Duplicate entry 'S1' for key 'jenjang' in C:\laragon\www\test_form\system\Database\MySQLi\Connection.php:292
Stack trace:
#0 C:\laragon\www\test_form\system\Database\MySQLi\Connection.php(292): mysqli->query('INSERT INTO `pe...', 0)
#1 C:\laragon\www\test_form\system\Database\BaseConnection.php(693): CodeIgniter\Database\MySQLi\Connection->execute('INSERT INTO `pe...')
#2 C:\laragon\www\test_form\system\Database\BaseConnection.php(620): CodeIgniter\Database\BaseConnection->simpleQuery('INSERT INTO `pe...')
#3 C:\laragon\www\test_form\system\Database\BaseBuilder.php(1916): CodeIgniter\Database\BaseConnection->query('INSERT INTO `pe...', Array, false)
#4 C:\laragon\www\test_form\system\Model.php(278): CodeIgniter\Database\BaseBuilder->insert()
#5 C:\laragon\www\test_form\system\BaseModel.php(738): CodeIgniter\Model->doInsert(Array)
#6 C:\laragon\www\test_form\system\Model.php(666): CodeIgniter\BaseModel->insert(Array, true)
#7 C:\laragon\www\test_form\app\Controllers\Biodata.php(55): CodeIgniter\Model->insert(Array)
#8 C:\laragon\www\test_form\system\CodeIgniter.php(904): App\Controllers\Biodata->save()
#9 C:\laragon\www\test_form\system\CodeIgniter.php(457): CodeIgniter\CodeIgniter->runController(Object(App\Controllers\Biodata))
#10 C:\laragon\www\test_form\system\CodeIgniter.php(340): CodeIgniter\CodeIgniter->handleRequest(NULL, Object(Config\Cache), false)
#11 C:\laragon\www\test_form\public\index.php(67): CodeIgniter\CodeIgniter->run()
#12 C:\laragon\www\test_form\system\Commands\Server\rewrite.php(43): require_once('C:\\laragon\\www\\...')
#13 {main}
ERROR - 2022-08-24 00:57:02 --> mysqli_sql_exception: Duplicate entry '0000000006' for key 'PRIMARY' in C:\laragon\www\test_form\system\Database\MySQLi\Connection.php:292
Stack trace:
#0 C:\laragon\www\test_form\system\Database\MySQLi\Connection.php(292): mysqli->query('INSERT INTO `bi...', 0)
#1 C:\laragon\www\test_form\system\Database\BaseConnection.php(693): CodeIgniter\Database\MySQLi\Connection->execute('INSERT INTO `bi...')
#2 C:\laragon\www\test_form\system\Database\BaseConnection.php(620): CodeIgniter\Database\BaseConnection->simpleQuery('INSERT INTO `bi...')
#3 C:\laragon\www\test_form\system\Database\BaseBuilder.php(1916): CodeIgniter\Database\BaseConnection->query('INSERT INTO `bi...', Array, false)
#4 C:\laragon\www\test_form\system\Model.php(278): CodeIgniter\Database\BaseBuilder->insert()
#5 C:\laragon\www\test_form\system\BaseModel.php(738): CodeIgniter\Model->doInsert(Array)
#6 C:\laragon\www\test_form\system\Model.php(666): CodeIgniter\BaseModel->insert(Array, true)
#7 C:\laragon\www\test_form\app\Controllers\Biodata.php(37): CodeIgniter\Model->insert(Array)
#8 C:\laragon\www\test_form\system\CodeIgniter.php(904): App\Controllers\Biodata->save()
#9 C:\laragon\www\test_form\system\CodeIgniter.php(457): CodeIgniter\CodeIgniter->runController(Object(App\Controllers\Biodata))
#10 C:\laragon\www\test_form\system\CodeIgniter.php(340): CodeIgniter\CodeIgniter->handleRequest(NULL, Object(Config\Cache), false)
#11 C:\laragon\www\test_form\public\index.php(67): CodeIgniter\CodeIgniter->run()
#12 C:\laragon\www\test_form\system\Commands\Server\rewrite.php(43): require_once('C:\\laragon\\www\\...')
#13 {main}
ERROR - 2022-08-24 00:57:32 --> mysqli_sql_exception: Duplicate entry '0000000006' for key 'PRIMARY' in C:\laragon\www\test_form\system\Database\MySQLi\Connection.php:292
Stack trace:
#0 C:\laragon\www\test_form\system\Database\MySQLi\Connection.php(292): mysqli->query('INSERT INTO `bi...', 0)
#1 C:\laragon\www\test_form\system\Database\BaseConnection.php(693): CodeIgniter\Database\MySQLi\Connection->execute('INSERT INTO `bi...')
#2 C:\laragon\www\test_form\system\Database\BaseConnection.php(620): CodeIgniter\Database\BaseConnection->simpleQuery('INSERT INTO `bi...')
#3 C:\laragon\www\test_form\system\Database\BaseBuilder.php(1916): CodeIgniter\Database\BaseConnection->query('INSERT INTO `bi...', Array, false)
#4 C:\laragon\www\test_form\system\Model.php(278): CodeIgniter\Database\BaseBuilder->insert()
#5 C:\laragon\www\test_form\system\BaseModel.php(738): CodeIgniter\Model->doInsert(Array)
#6 C:\laragon\www\test_form\system\Model.php(666): CodeIgniter\BaseModel->insert(Array, true)
#7 C:\laragon\www\test_form\app\Controllers\Biodata.php(37): CodeIgniter\Model->insert(Array)
#8 C:\laragon\www\test_form\system\CodeIgniter.php(904): App\Controllers\Biodata->save()
#9 C:\laragon\www\test_form\system\CodeIgniter.php(457): CodeIgniter\CodeIgniter->runController(Object(App\Controllers\Biodata))
#10 C:\laragon\www\test_form\system\CodeIgniter.php(340): CodeIgniter\CodeIgniter->handleRequest(NULL, Object(Config\Cache), false)
#11 C:\laragon\www\test_form\public\index.php(67): CodeIgniter\CodeIgniter->run()
#12 C:\laragon\www\test_form\system\Commands\Server\rewrite.php(43): require_once('C:\\laragon\\www\\...')
#13 {main}
ERROR - 2022-08-24 00:57:32 --> mysqli_sql_exception: Duplicate entry 'SMA' for key 'jenjang' in C:\laragon\www\test_form\system\Database\MySQLi\Connection.php:292
Stack trace:
#0 C:\laragon\www\test_form\system\Database\MySQLi\Connection.php(292): mysqli->query('INSERT INTO `pe...', 0)
#1 C:\laragon\www\test_form\system\Database\BaseConnection.php(693): CodeIgniter\Database\MySQLi\Connection->execute('INSERT INTO `pe...')
#2 C:\laragon\www\test_form\system\Database\BaseConnection.php(620): CodeIgniter\Database\BaseConnection->simpleQuery('INSERT INTO `pe...')
#3 C:\laragon\www\test_form\system\Database\BaseBuilder.php(1916): CodeIgniter\Database\BaseConnection->query('INSERT INTO `pe...', Array, false)
#4 C:\laragon\www\test_form\system\Model.php(278): CodeIgniter\Database\BaseBuilder->insert()
#5 C:\laragon\www\test_form\system\BaseModel.php(738): CodeIgniter\Model->doInsert(Array)
#6 C:\laragon\www\test_form\system\Model.php(666): CodeIgniter\BaseModel->insert(Array, true)
#7 C:\laragon\www\test_form\app\Controllers\Biodata.php(53): CodeIgniter\Model->insert(Array)
#8 C:\laragon\www\test_form\system\CodeIgniter.php(904): App\Controllers\Biodata->save()
#9 C:\laragon\www\test_form\system\CodeIgniter.php(457): CodeIgniter\CodeIgniter->runController(Object(App\Controllers\Biodata))
#10 C:\laragon\www\test_form\system\CodeIgniter.php(340): CodeIgniter\CodeIgniter->handleRequest(NULL, Object(Config\Cache), false)
#11 C:\laragon\www\test_form\public\index.php(67): CodeIgniter\CodeIgniter->run()
#12 C:\laragon\www\test_form\system\Commands\Server\rewrite.php(43): require_once('C:\\laragon\\www\\...')
#13 {main}
ERROR - 2022-08-24 00:57:32 --> mysqli_sql_exception: Duplicate entry 'S1' for key 'jenjang' in C:\laragon\www\test_form\system\Database\MySQLi\Connection.php:292
Stack trace:
#0 C:\laragon\www\test_form\system\Database\MySQLi\Connection.php(292): mysqli->query('INSERT INTO `pe...', 0)
#1 C:\laragon\www\test_form\system\Database\BaseConnection.php(693): CodeIgniter\Database\MySQLi\Connection->execute('INSERT INTO `pe...')
#2 C:\laragon\www\test_form\system\Database\BaseConnection.php(620): CodeIgniter\Database\BaseConnection->simpleQuery('INSERT INTO `pe...')
#3 C:\laragon\www\test_form\system\Database\BaseBuilder.php(1916): CodeIgniter\Database\BaseConnection->query('INSERT INTO `pe...', Array, false)
#4 C:\laragon\www\test_form\system\Model.php(278): CodeIgniter\Database\BaseBuilder->insert()
#5 C:\laragon\www\test_form\system\BaseModel.php(738): CodeIgniter\Model->doInsert(Array)
#6 C:\laragon\www\test_form\system\Model.php(666): CodeIgniter\BaseModel->insert(Array, true)
#7 C:\laragon\www\test_form\app\Controllers\Biodata.php(53): CodeIgniter\Model->insert(Array)
#8 C:\laragon\www\test_form\system\CodeIgniter.php(904): App\Controllers\Biodata->save()
#9 C:\laragon\www\test_form\system\CodeIgniter.php(457): CodeIgniter\CodeIgniter->runController(Object(App\Controllers\Biodata))
#10 C:\laragon\www\test_form\system\CodeIgniter.php(340): CodeIgniter\CodeIgniter->handleRequest(NULL, Object(Config\Cache), false)
#11 C:\laragon\www\test_form\public\index.php(67): CodeIgniter\CodeIgniter->run()
#12 C:\laragon\www\test_form\system\Commands\Server\rewrite.php(43): require_once('C:\\laragon\\www\\...')
#13 {main}
ERROR - 2022-08-24 00:57:59 --> mysqli_sql_exception: Duplicate entry '0000000006' for key 'PRIMARY' in C:\laragon\www\test_form\system\Database\MySQLi\Connection.php:292
Stack trace:
#0 C:\laragon\www\test_form\system\Database\MySQLi\Connection.php(292): mysqli->query('INSERT INTO `bi...', 0)
#1 C:\laragon\www\test_form\system\Database\BaseConnection.php(693): CodeIgniter\Database\MySQLi\Connection->execute('INSERT INTO `bi...')
#2 C:\laragon\www\test_form\system\Database\BaseConnection.php(620): CodeIgniter\Database\BaseConnection->simpleQuery('INSERT INTO `bi...')
#3 C:\laragon\www\test_form\system\Database\BaseBuilder.php(1916): CodeIgniter\Database\BaseConnection->query('INSERT INTO `bi...', Array, false)
#4 C:\laragon\www\test_form\system\Model.php(278): CodeIgniter\Database\BaseBuilder->insert()
#5 C:\laragon\www\test_form\system\BaseModel.php(738): CodeIgniter\Model->doInsert(Array)
#6 C:\laragon\www\test_form\system\Model.php(666): CodeIgniter\BaseModel->insert(Array, true)
#7 C:\laragon\www\test_form\app\Controllers\Biodata.php(37): CodeIgniter\Model->insert(Array)
#8 C:\laragon\www\test_form\system\CodeIgniter.php(904): App\Controllers\Biodata->save()
#9 C:\laragon\www\test_form\system\CodeIgniter.php(457): CodeIgniter\CodeIgniter->runController(Object(App\Controllers\Biodata))
#10 C:\laragon\www\test_form\system\CodeIgniter.php(340): CodeIgniter\CodeIgniter->handleRequest(NULL, Object(Config\Cache), false)
#11 C:\laragon\www\test_form\public\index.php(67): CodeIgniter\CodeIgniter->run()
#12 C:\laragon\www\test_form\system\Commands\Server\rewrite.php(43): require_once('C:\\laragon\\www\\...')
#13 {main}
